ERROR - JavaSerializer             - Error serializing object class com.github.tempest200903.ProjectPage [object=[Page class = com.github.tempest200903.ProjectPage, id = 1, render count = 1]]
org.apache.wicket.core.util.objects.checker.CheckingObjectOutputStream$ObjectCheckException: The object type is not Serializable!
A problem occurred while checking object with type: com.googlecode.mjorm.MongoDaoImpl
Field hierarchy is:
  1 [class=com.github.tempest200903.ProjectPage, path=1]
    private java.lang.Object org.apache.wicket.MarkupContainer.children [class=[Ljava.lang.Object;]
      private java.lang.Object org.apache.wicket.MarkupContainer.children[0] [class=org.apache.wicket.markup.html.form.Form, path=1:form]
        private java.lang.Object org.apache.wicket.MarkupContainer.children [class=[Ljava.lang.Object;]
          private java.lang.String org.apache.wicket.markup.html.form.FormComponent.typeName[1] [class=org.apache.wicket.markup.html.form.Button, path=1:form:projectSubmit]
            private final com.googlecode.mjorm.MongoDao com.github.tempest200903.ProjectPage$3.val$dao [class=com.googlecode.mjorm.MongoDaoImpl] <----- field that is causing the problem
	at org.apache.wicket.core.util.objects.checker.CheckingObjectOutputStream.internalCheck(CheckingObjectOutputStream.java:387)
	at org.apache.wicket.core.util.objects.checker.CheckingObjectOutputStream.check(CheckingObjectOutputStream.java:361)
	at org.apache.wicket.core.util.objects.checker.CheckingObjectOutputStream.checkFields(CheckingObjectOutputStream.java:645)
	at org.apache.wicket.core.util.objects.checker.CheckingObjectOutputStream.internalCheck(CheckingObjectOutputStream.java:569)
	at org.apache.wicket.core.util.objects.checker.CheckingObjectOutputStream.check(CheckingObjectOutputStream.java:361)
	at org.apache.wicket.core.util.objects.checker.CheckingObjectOutputStream.internalCheck(CheckingObjectOutputStream.java:432)
	at org.apache.wicket.core.util.objects.checker.CheckingObjectOutputStream.check(CheckingObjectOutputStream.java:361)
	at org.apache.wicket.core.util.objects.checker.CheckingObjectOutputStream.checkFields(CheckingObjectOutputStream.java:645)
	at org.apache.wicket.core.util.objects.checker.CheckingObjectOutputStream.internalCheck(CheckingObjectOutputStream.java:569)
	at org.apache.wicket.core.util.objects.checker.CheckingObjectOutputStream.check(CheckingObjectOutputStream.java:361)
	at org.apache.wicket.core.util.objects.checker.CheckingObjectOutputStream.internalCheck(CheckingObjectOutputStream.java:432)
	at org.apache.wicket.core.util.objects.checker.CheckingObjectOutputStream.check(CheckingObjectOutputStream.java:361)
	at org.apache.wicket.core.util.objects.checker.CheckingObjectOutputStream.checkFields(CheckingObjectOutputStream.java:645)
	at org.apache.wicket.core.util.objects.checker.CheckingObjectOutputStream.internalCheck(CheckingObjectOutputStream.java:569)
	at org.apache.wicket.core.util.objects.checker.CheckingObjectOutputStream.check(CheckingObjectOutputStream.java:361)
	at org.apache.wicket.core.util.objects.checker.CheckingObjectOutputStream.writeObjectOverride(CheckingObjectOutputStream.java:713)
	at java.io.ObjectOutputStream.writeObject(ObjectOutputStream.java:342)
	at org.apache.wicket.serialize.java.JavaSerializer$SerializationCheckerObjectOutputStream.writeObjectOverride(JavaSerializer.java:268)
	at java.io.ObjectOutputStream.writeObject(ObjectOutputStream.java:342)
	at org.apache.wicket.serialize.java.JavaSerializer.serialize(JavaSerializer.java:78)
	at org.apache.wicket.pageStore.DefaultPageStore.serializePage(DefaultPageStore.java:376)
	at org.apache.wicket.pageStore.DefaultPageStore.storePage(DefaultPageStore.java:150)
	at org.apache.wicket.page.PageStoreManager$PersistentRequestAdapter.storeTouchedPages(PageStoreManager.java:412)
	at org.apache.wicket.page.RequestAdapter.commitRequest(RequestAdapter.java:181)
	at org.apache.wicket.page.AbstractPageManager.commitRequest(AbstractPageManager.java:98)
	at org.apache.wicket.page.PageManagerDecorator.commitRequest(PageManagerDecorator.java:73)
	at org.apache.wicket.page.PageAccessSynchronizer$2.commitRequest(PageAccessSynchronizer.java:258)
	at org.apache.wicket.Application$2.onDetach(Application.java:1628)
	at org.apache.wicket.request.cycle.RequestCycleListenerCollection$3.notify(RequestCycleListenerCollection.java:105)
	at org.apache.wicket.request.cycle.RequestCycleListenerCollection$3.notify(RequestCycleListenerCollection.java:101)
	at org.apache.wicket.util.listener.ListenerCollection$1.notify(ListenerCollection.java:120)
	at org.apache.wicket.util.listener.ListenerCollection.reversedNotify(ListenerCollection.java:144)
	at org.apache.wicket.util.listener.ListenerCollection.reversedNotifyIgnoringExceptions(ListenerCollection.java:113)
	at org.apache.wicket.request.cycle.RequestCycleListenerCollection.onDetach(RequestCycleListenerCollection.java:100)
	at org.apache.wicket.request.cycle.RequestCycle.onDetach(RequestCycle.java:640)
	at org.apache.wicket.request.cycle.RequestCycle.detach(RequestCycle.java:589)
	at org.apache.wicket.request.cycle.RequestCycle.processRequestAndDetach(RequestCycle.java:293)
	at org.apache.wicket.protocol.http.WicketFilter.processRequestCycle(WicketFilter.java:259)
	at org.apache.wicket.protocol.http.WicketFilter.processRequest(WicketFilter.java:201)
	at org.apache.wicket.protocol.http.WicketFilter.doFilter(WicketFilter.java:282)
	at org.eclipse.jetty.servlet.ServletHandler$CachedChain.doFilter(ServletHandler.java:1291)
	at org.eclipse.jetty.servlet.ServletHandler.doHandle(ServletHandler.java:443)
	at org.eclipse.jetty.server.handler.ScopedHandler.handle(ScopedHandler.java:137)
	at org.eclipse.jetty.security.SecurityHandler.handle(SecurityHandler.java:556)
	at org.eclipse.jetty.server.session.SessionHandler.doHandle(SessionHandler.java:227)
	at org.eclipse.jetty.server.handler.ContextHandler.doHandle(ContextHandler.java:1044)
	at org.eclipse.jetty.servlet.ServletHandler.doScope(ServletHandler.java:372)
	at org.eclipse.jetty.server.session.SessionHandler.doScope(SessionHandler.java:189)
	at org.eclipse.jetty.server.handler.ContextHandler.doScope(ContextHandler.java:978)
	at org.eclipse.jetty.server.handler.ScopedHandler.handle(ScopedHandler.java:135)
	at org.eclipse.jetty.server.handler.ContextHandlerCollection.handle(ContextHandlerCollection.java:255)
	at org.eclipse.jetty.server.handler.HandlerCollection.handle(HandlerCollection.java:154)
	at org.eclipse.jetty.server.handler.HandlerWrapper.handle(HandlerWrapper.java:116)
	at org.eclipse.jetty.server.Server.handle(Server.java:369)
	at org.eclipse.jetty.server.AbstractHttpConnection.handleRequest(AbstractHttpConnection.java:486)
	at org.eclipse.jetty.server.AbstractHttpConnection.headerComplete(AbstractHttpConnection.java:933)
	at org.eclipse.jetty.server.AbstractHttpConnection$RequestHandler.headerComplete(AbstractHttpConnection.java:995)
	at org.eclipse.jetty.http.HttpParser.parseNext(HttpParser.java:644)
	at org.eclipse.jetty.http.HttpParser.parseAvailable(HttpParser.java:235)
	at org.eclipse.jetty.server.AsyncHttpConnection.handle(AsyncHttpConnection.java:82)
	at org.eclipse.jetty.io.nio.SelectChannelEndPoint.handle(SelectChannelEndPoint.java:668)
	at org.eclipse.jetty.io.nio.SelectChannelEndPoint$1.run(SelectChannelEndPoint.java:52)
	at org.eclipse.jetty.util.thread.QueuedThreadPool.runJob(QueuedThreadPool.java:608)
	at org.eclipse.jetty.util.thread.QueuedThreadPool$3.run(QueuedThreadPool.java:543)
	at java.lang.Thread.run(Thread.java:722)
Caused by: java.io.NotSerializableException: com.googlecode.mjorm.MongoDaoImpl
	at java.io.ObjectOutputStream.writeObject0(ObjectOutputStream.java:1180)
	at java.io.ObjectOutputStream.defaultWriteFields(ObjectOutputStream.java:1528)
	at java.io.ObjectOutputStream.writeSerialData(ObjectOutputStream.java:1493)
	at java.io.ObjectOutputStream.writeOrdinaryObject(ObjectOutputStream.java:1416)
	at java.io.ObjectOutputStream.writeObject0(ObjectOutputStream.java:1174)
	at java.io.ObjectOutputStream.writeArray(ObjectOutputStream.java:1362)
	at java.io.ObjectOutputStream.writeObject0(ObjectOutputStream.java:1170)
	at java.io.ObjectOutputStream.defaultWriteFields(ObjectOutputStream.java:1528)
	at java.io.ObjectOutputStream.writeSerialData(ObjectOutputStream.java:1493)
	at java.io.ObjectOutputStream.writeOrdinaryObject(ObjectOutputStream.java:1416)
	at java.io.ObjectOutputStream.writeObject0(ObjectOutputStream.java:1174)
	at java.io.ObjectOutputStream.writeArray(ObjectOutputStream.java:1362)
	at java.io.ObjectOutputStream.writeObject0(ObjectOutputStream.java:1170)
	at java.io.ObjectOutputStream.defaultWriteFields(ObjectOutputStream.java:1528)
	at java.io.ObjectOutputStream.writeSerialData(ObjectOutputStream.java:1493)
	at java.io.ObjectOutputStream.writeOrdinaryObject(ObjectOutputStream.java:1416)
	at java.io.ObjectOutputStream.writeObject0(ObjectOutputStream.java:1174)
	at java.io.ObjectOutputStream.writeObject(ObjectOutputStream.java:346)
	at org.apache.wicket.serialize.java.JavaSerializer$SerializationCheckerObjectOutputStream.writeObjectOverride(JavaSerializer.java:260)
	... 47 more
WARN  - DefaultPageStore           - Page [Page class = com.github.tempest200903.ProjectPage, id = 1, render count = 1] cannot be serialized. See previous logs for possible reasons.
